<?xml version="1.0" encoding="UTF-8"?>
<testsuite xmlns:xsi="http://www.w3.org/2001/XMLSchema-instance" xsi:noNamespaceSchemaLocation="https://maven.apache.org/surefire/maven-surefire-plugin/xsd/surefire-test-report.xsd" name="org.soft.base.SsmDemApplicationTests" time="2.558" tests="1" errors="0" skipped="0" failures="0">
  <properties>
    <property name="java.specification.version" value="17"/>
    <property name="sun.jnu.encoding" value="UTF-8"/>
    <property name="java.class.path" value="/Applications/project/code/i_code/project/thinking/target/test-classes:/Applications/project/code/i_code/project/thinking/target/classes:/Applications/project/maven-repertory/org/springframework/boot/spring-boot-starter-thymeleaf/2.7.9/spring-boot-starter-thymeleaf-2.7.9.jar:/Applications/project/maven-repertory/org/springframework/boot/spring-boot-starter/2.7.9/spring-boot-starter-2.7.9.jar:/Applications/project/maven-repertory/org/springframework/boot/spring-boot-starter-logging/2.7.9/spring-boot-starter-logging-2.7.9.jar:/Applications/project/maven-repertory/ch/qos/logback/logback-classic/1.2.11/logback-classic-1.2.11.jar:/Applications/project/maven-repertory/ch/qos/logback/logback-core/1.2.11/logback-core-1.2.11.jar:/Applications/project/maven-repertory/org/apache/logging/log4j/log4j-to-slf4j/2.17.2/log4j-to-slf4j-2.17.2.jar:/Applications/project/maven-repertory/org/apache/logging/log4j/log4j-api/2.17.2/log4j-api-2.17.2.jar:/Applications/project/maven-repertory/org/slf4j/jul-to-slf4j/1.7.36/jul-to-slf4j-1.7.36.jar:/Applications/project/maven-repertory/jakarta/annotation/jakarta.annotation-api/1.3.5/jakarta.annotation-api-1.3.5.jar:/Applications/project/maven-repertory/org/yaml/snakeyaml/1.30/snakeyaml-1.30.jar:/Applications/project/maven-repertory/org/thymeleaf/thymeleaf-spring5/3.0.15.RELEASE/thymeleaf-spring5-3.0.15.RELEASE.jar:/Applications/project/maven-repertory/org/thymeleaf/thymeleaf/3.0.15.RELEASE/thymeleaf-3.0.15.RELEASE.jar:/Applications/project/maven-repertory/org/attoparser/attoparser/2.0.5.RELEASE/attoparser-2.0.5.RELEASE.jar:/Applications/project/maven-repertory/org/unbescape/unbescape/1.1.6.RELEASE/unbescape-1.1.6.RELEASE.jar:/Applications/project/maven-repertory/org/slf4j/slf4j-api/1.7.36/slf4j-api-1.7.36.jar:/Applications/project/maven-repertory/org/thymeleaf/extras/thymeleaf-extras-java8time/3.0.4.RELEASE/thymeleaf-extras-java8time-3.0.4.RELEASE.jar:/Applications/project/maven-repertory/org/springframework/boot/spring-boot-starter-web/2.7.9/spring-boot-starter-web-2.7.9.jar:/Applications/project/maven-repertory/org/springframework/boot/spring-boot-starter-json/2.7.9/spring-boot-starter-json-2.7.9.jar:/Applications/project/maven-repertory/com/fasterxml/jackson/core/jackson-databind/2.13.5/jackson-databind-2.13.5.jar:/Applications/project/maven-repertory/com/fasterxml/jackson/core/jackson-annotations/2.13.5/jackson-annotations-2.13.5.jar:/Applications/project/maven-repertory/com/fasterxml/jackson/core/jackson-core/2.13.5/jackson-core-2.13.5.jar:/Applications/project/maven-repertory/com/fasterxml/jackson/datatype/jackson-datatype-jdk8/2.13.5/jackson-datatype-jdk8-2.13.5.jar:/Applications/project/maven-repertory/com/fasterxml/jackson/datatype/jackson-datatype-jsr310/2.13.5/jackson-datatype-jsr310-2.13.5.jar:/Applications/project/maven-repertory/com/fasterxml/jackson/module/jackson-module-parameter-names/2.13.5/jackson-module-parameter-names-2.13.5.jar:/Applications/project/maven-repertory/org/springframework/boot/spring-boot-starter-tomcat/2.7.9/spring-boot-starter-tomcat-2.7.9.jar:/Applications/project/maven-repertory/org/apache/tomcat/embed/tomcat-embed-core/9.0.71/tomcat-embed-core-9.0.71.jar:/Applications/project/maven-repertory/org/apache/tomcat/embed/tomcat-embed-el/9.0.71/tomcat-embed-el-9.0.71.jar:/Applications/project/maven-repertory/org/apache/tomcat/embed/tomcat-embed-websocket/9.0.71/tomcat-embed-websocket-9.0.71.jar:/Applications/project/maven-repertory/org/springframework/spring-web/5.3.25/spring-web-5.3.25.jar:/Applications/project/maven-repertory/org/springframework/spring-beans/5.3.25/spring-beans-5.3.25.jar:/Applications/project/maven-repertory/org/springframework/spring-webmvc/5.3.25/spring-webmvc-5.3.25.jar:/Applications/project/maven-repertory/org/springframework/spring-aop/5.3.25/spring-aop-5.3.25.jar:/Applications/project/maven-repertory/org/springframework/spring-context/5.3.25/spring-context-5.3.25.jar:/Applications/project/maven-repertory/org/springframework/spring-expression/5.3.25/spring-expression-5.3.25.jar:/Applications/project/maven-repertory/org/mybatis/spring/boot/mybatis-spring-boot-starter/3.0.0/mybatis-spring-boot-starter-3.0.0.jar:/Applications/project/maven-repertory/org/springframework/boot/spring-boot-starter-jdbc/2.7.9/spring-boot-starter-jdbc-2.7.9.jar:/Applications/project/maven-repertory/com/zaxxer/HikariCP/4.0.3/HikariCP-4.0.3.jar:/Applications/project/maven-repertory/org/springframework/spring-jdbc/5.3.25/spring-jdbc-5.3.25.jar:/Applications/project/maven-repertory/org/springframework/spring-tx/5.3.25/spring-tx-5.3.25.jar:/Applications/project/maven-repertory/org/mybatis/spring/boot/mybatis-spring-boot-autoconfigure/3.0.0/mybatis-spring-boot-autoconfigure-3.0.0.jar:/Applications/project/maven-repertory/org/mybatis/mybatis/3.5.11/mybatis-3.5.11.jar:/Applications/project/maven-repertory/org/mybatis/mybatis-spring/3.0.0/mybatis-spring-3.0.0.jar:/Applications/project/maven-repertory/com/mysql/mysql-connector-j/8.0.32/mysql-connector-j-8.0.32.jar:/Applications/project/maven-repertory/org/projectlombok/lombok/1.18.26/lombok-1.18.26.jar:/Applications/project/maven-repertory/org/springframework/boot/spring-boot-starter-test/2.7.9/spring-boot-starter-test-2.7.9.jar:/Applications/project/maven-repertory/org/springframework/boot/spring-boot-test/2.7.9/spring-boot-test-2.7.9.jar:/Applications/project/maven-repertory/org/springframework/boot/spring-boot-test-autoconfigure/2.7.9/spring-boot-test-autoconfigure-2.7.9.jar:/Applications/project/maven-repertory/com/jayway/jsonpath/json-path/2.7.0/json-path-2.7.0.jar:/Applications/project/maven-repertory/net/minidev/json-smart/2.4.8/json-smart-2.4.8.jar:/Applications/project/maven-repertory/net/minidev/accessors-smart/2.4.8/accessors-smart-2.4.8.jar:/Applications/project/maven-repertory/org/ow2/asm/asm/9.1/asm-9.1.jar:/Applications/project/maven-repertory/jakarta/xml/bind/jakarta.xml.bind-api/2.3.3/jakarta.xml.bind-api-2.3.3.jar:/Applications/project/maven-repertory/jakarta/activation/jakarta.activation-api/1.2.2/jakarta.activation-api-1.2.2.jar:/Applications/project/maven-repertory/org/assertj/assertj-core/3.22.0/assertj-core-3.22.0.jar:/Applications/project/maven-repertory/org/hamcrest/hamcrest/2.2/hamcrest-2.2.jar:/Applications/project/maven-repertory/org/junit/jupiter/junit-jupiter/5.8.2/junit-jupiter-5.8.2.jar:/Applications/project/maven-repertory/org/junit/jupiter/junit-jupiter-api/5.8.2/junit-jupiter-api-5.8.2.jar:/Applications/project/maven-repertory/org/opentest4j/opentest4j/1.2.0/opentest4j-1.2.0.jar:/Applications/project/maven-repertory/org/junit/platform/junit-platform-commons/1.8.2/junit-platform-commons-1.8.2.jar:/Applications/project/maven-repertory/org/apiguardian/apiguardian-api/1.1.2/apiguardian-api-1.1.2.jar:/Applications/project/maven-repertory/org/junit/jupiter/junit-jupiter-params/5.8.2/junit-jupiter-params-5.8.2.jar:/Applications/project/maven-repertory/org/junit/jupiter/junit-jupiter-engine/5.8.2/junit-jupiter-engine-5.8.2.jar:/Applications/project/maven-repertory/org/junit/platform/junit-platform-engine/1.8.2/junit-platform-engine-1.8.2.jar:/Applications/project/maven-repertory/org/mockito/mockito-core/4.5.1/mockito-core-4.5.1.jar:/Applications/project/maven-repertory/net/bytebuddy/byte-buddy/1.12.23/byte-buddy-1.12.23.jar:/Applications/project/maven-repertory/net/bytebuddy/byte-buddy-agent/1.12.23/byte-buddy-agent-1.12.23.jar:/Applications/project/maven-repertory/org/objenesis/objenesis/3.2/objenesis-3.2.jar:/Applications/project/maven-repertory/org/mockito/mockito-junit-jupiter/4.5.1/mockito-junit-jupiter-4.5.1.jar:/Applications/project/maven-repertory/org/skyscreamer/jsonassert/1.5.1/jsonassert-1.5.1.jar:/Applications/project/maven-repertory/com/vaadin/external/google/android-json/0.0.20131108.vaadin1/android-json-0.0.20131108.vaadin1.jar:/Applications/project/maven-repertory/org/springframework/spring-core/5.3.25/spring-core-5.3.25.jar:/Applications/project/maven-repertory/org/springframework/spring-jcl/5.3.25/spring-jcl-5.3.25.jar:/Applications/project/maven-repertory/org/springframework/spring-test/5.3.25/spring-test-5.3.25.jar:/Applications/project/maven-repertory/org/xmlunit/xmlunit-core/2.9.1/xmlunit-core-2.9.1.jar:/Applications/project/maven-repertory/com/alibaba/fastjson/1.2.79/fastjson-1.2.79.jar:/Applications/project/maven-repertory/org/springframework/boot/spring-boot-devtools/2.7.9/spring-boot-devtools-2.7.9.jar:/Applications/project/maven-repertory/org/springframework/boot/spring-boot/2.7.9/spring-boot-2.7.9.jar:/Applications/project/maven-repertory/org/springframework/boot/spring-boot-autoconfigure/2.7.9/spring-boot-autoconfigure-2.7.9.jar:/Applications/project/maven-repertory/log4j/log4j/1.2.17/log4j-1.2.17.jar:"/>
    <property name="java.vm.vendor" value="Oracle Corporation"/>
    <property name="sun.arch.data.model" value="64"/>
    <property name="java.vendor.url" value="https://java.oracle.com/"/>
    <property name="os.name" value="Mac OS X"/>
    <property name="java.vm.specification.version" value="17"/>
    <property name="sun.java.launcher" value="SUN_STANDARD"/>
    <property name="user.country" value="CN"/>
    <property name="sun.boot.library.path" value="/Library/Java/JavaVirtualMachines/jdk-17.jdk/Contents/Home/lib"/>
    <property name="sun.java.command" value="/Applications/project/code/i_code/project/thinking/target/surefire/surefirebooter16198232474066362682.jar /Applications/project/code/i_code/project/thinking/target/surefire 2023-05-23T18-08-13_012-jvmRun1 surefire6142249092689872527tmp surefire_014887262946327430911tmp"/>
    <property name="http.nonProxyHosts" value="local|*.local|169.254/16|*.169.254/16"/>
    <property name="jdk.debug" value="release"/>
    <property name="surefire.test.class.path" value="/Applications/project/code/i_code/project/thinking/target/test-classes:/Applications/project/code/i_code/project/thinking/target/classes:/Applications/project/maven-repertory/org/springframework/boot/spring-boot-starter-thymeleaf/2.7.9/spring-boot-starter-thymeleaf-2.7.9.jar:/Applications/project/maven-repertory/org/springframework/boot/spring-boot-starter/2.7.9/spring-boot-starter-2.7.9.jar:/Applications/project/maven-repertory/org/springframework/boot/spring-boot-starter-logging/2.7.9/spring-boot-starter-logging-2.7.9.jar:/Applications/project/maven-repertory/ch/qos/logback/logback-classic/1.2.11/logback-classic-1.2.11.jar:/Applications/project/maven-repertory/ch/qos/logback/logback-core/1.2.11/logback-core-1.2.11.jar:/Applications/project/maven-repertory/org/apache/logging/log4j/log4j-to-slf4j/2.17.2/log4j-to-slf4j-2.17.2.jar:/Applications/project/maven-repertory/org/apache/logging/log4j/log4j-api/2.17.2/log4j-api-2.17.2.jar:/Applications/project/maven-repertory/org/slf4j/jul-to-slf4j/1.7.36/jul-to-slf4j-1.7.36.jar:/Applications/project/maven-repertory/jakarta/annotation/jakarta.annotation-api/1.3.5/jakarta.annotation-api-1.3.5.jar:/Applications/project/maven-repertory/org/yaml/snakeyaml/1.30/snakeyaml-1.30.jar:/Applications/project/maven-repertory/org/thymeleaf/thymeleaf-spring5/3.0.15.RELEASE/thymeleaf-spring5-3.0.15.RELEASE.jar:/Applications/project/maven-repertory/org/thymeleaf/thymeleaf/3.0.15.RELEASE/thymeleaf-3.0.15.RELEASE.jar:/Applications/project/maven-repertory/org/attoparser/attoparser/2.0.5.RELEASE/attoparser-2.0.5.RELEASE.jar:/Applications/project/maven-repertory/org/unbescape/unbescape/1.1.6.RELEASE/unbescape-1.1.6.RELEASE.jar:/Applications/project/maven-repertory/org/slf4j/slf4j-api/1.7.36/slf4j-api-1.7.36.jar:/Applications/project/maven-repertory/org/thymeleaf/extras/thymeleaf-extras-java8time/3.0.4.RELEASE/thymeleaf-extras-java8time-3.0.4.RELEASE.jar:/Applications/project/maven-repertory/org/springframework/boot/spring-boot-starter-web/2.7.9/spring-boot-starter-web-2.7.9.jar:/Applications/project/maven-repertory/org/springframework/boot/spring-boot-starter-json/2.7.9/spring-boot-starter-json-2.7.9.jar:/Applications/project/maven-repertory/com/fasterxml/jackson/core/jackson-databind/2.13.5/jackson-databind-2.13.5.jar:/Applications/project/maven-repertory/com/fasterxml/jackson/core/jackson-annotations/2.13.5/jackson-annotations-2.13.5.jar:/Applications/project/maven-repertory/com/fasterxml/jackson/core/jackson-core/2.13.5/jackson-core-2.13.5.jar:/Applications/project/maven-repertory/com/fasterxml/jackson/datatype/jackson-datatype-jdk8/2.13.5/jackson-datatype-jdk8-2.13.5.jar:/Applications/project/maven-repertory/com/fasterxml/jackson/datatype/jackson-datatype-jsr310/2.13.5/jackson-datatype-jsr310-2.13.5.jar:/Applications/project/maven-repertory/com/fasterxml/jackson/module/jackson-module-parameter-names/2.13.5/jackson-module-parameter-names-2.13.5.jar:/Applications/project/maven-repertory/org/springframework/boot/spring-boot-starter-tomcat/2.7.9/spring-boot-starter-tomcat-2.7.9.jar:/Applications/project/maven-repertory/org/apache/tomcat/embed/tomcat-embed-core/9.0.71/tomcat-embed-core-9.0.71.jar:/Applications/project/maven-repertory/org/apache/tomcat/embed/tomcat-embed-el/9.0.71/tomcat-embed-el-9.0.71.jar:/Applications/project/maven-repertory/org/apache/tomcat/embed/tomcat-embed-websocket/9.0.71/tomcat-embed-websocket-9.0.71.jar:/Applications/project/maven-repertory/org/springframework/spring-web/5.3.25/spring-web-5.3.25.jar:/Applications/project/maven-repertory/org/springframework/spring-beans/5.3.25/spring-beans-5.3.25.jar:/Applications/project/maven-repertory/org/springframework/spring-webmvc/5.3.25/spring-webmvc-5.3.25.jar:/Applications/project/maven-repertory/org/springframework/spring-aop/5.3.25/spring-aop-5.3.25.jar:/Applications/project/maven-repertory/org/springframework/spring-context/5.3.25/spring-context-5.3.25.jar:/Applications/project/maven-repertory/org/springframework/spring-expression/5.3.25/spring-expression-5.3.25.jar:/Applications/project/maven-repertory/org/mybatis/spring/boot/mybatis-spring-boot-starter/3.0.0/mybatis-spring-boot-starter-3.0.0.jar:/Applications/project/maven-repertory/org/springframework/boot/spring-boot-starter-jdbc/2.7.9/spring-boot-starter-jdbc-2.7.9.jar:/Applications/project/maven-repertory/com/zaxxer/HikariCP/4.0.3/HikariCP-4.0.3.jar:/Applications/project/maven-repertory/org/springframework/spring-jdbc/5.3.25/spring-jdbc-5.3.25.jar:/Applications/project/maven-repertory/org/springframework/spring-tx/5.3.25/spring-tx-5.3.25.jar:/Applications/project/maven-repertory/org/mybatis/spring/boot/mybatis-spring-boot-autoconfigure/3.0.0/mybatis-spring-boot-autoconfigure-3.0.0.jar:/Applications/project/maven-repertory/org/mybatis/mybatis/3.5.11/mybatis-3.5.11.jar:/Applications/project/maven-repertory/org/mybatis/mybatis-spring/3.0.0/mybatis-spring-3.0.0.jar:/Applications/project/maven-repertory/com/mysql/mysql-connector-j/8.0.32/mysql-connector-j-8.0.32.jar:/Applications/project/maven-repertory/org/projectlombok/lombok/1.18.26/lombok-1.18.26.jar:/Applications/project/maven-repertory/org/springframework/boot/spring-boot-starter-test/2.7.9/spring-boot-starter-test-2.7.9.jar:/Applications/project/maven-repertory/org/springframework/boot/spring-boot-test/2.7.9/spring-boot-test-2.7.9.jar:/Applications/project/maven-repertory/org/springframework/boot/spring-boot-test-autoconfigure/2.7.9/spring-boot-test-autoconfigure-2.7.9.jar:/Applications/project/maven-repertory/com/jayway/jsonpath/json-path/2.7.0/json-path-2.7.0.jar:/Applications/project/maven-repertory/net/minidev/json-smart/2.4.8/json-smart-2.4.8.jar:/Applications/project/maven-repertory/net/minidev/accessors-smart/2.4.8/accessors-smart-2.4.8.jar:/Applications/project/maven-repertory/org/ow2/asm/asm/9.1/asm-9.1.jar:/Applications/project/maven-repertory/jakarta/xml/bind/jakarta.xml.bind-api/2.3.3/jakarta.xml.bind-api-2.3.3.jar:/Applications/project/maven-repertory/jakarta/activation/jakarta.activation-api/1.2.2/jakarta.activation-api-1.2.2.jar:/Applications/project/maven-repertory/org/assertj/assertj-core/3.22.0/assertj-core-3.22.0.jar:/Applications/project/maven-repertory/org/hamcrest/hamcrest/2.2/hamcrest-2.2.jar:/Applications/project/maven-repertory/org/junit/jupiter/junit-jupiter/5.8.2/junit-jupiter-5.8.2.jar:/Applications/project/maven-repertory/org/junit/jupiter/junit-jupiter-api/5.8.2/junit-jupiter-api-5.8.2.jar:/Applications/project/maven-repertory/org/opentest4j/opentest4j/1.2.0/opentest4j-1.2.0.jar:/Applications/project/maven-repertory/org/junit/platform/junit-platform-commons/1.8.2/junit-platform-commons-1.8.2.jar:/Applications/project/maven-repertory/org/apiguardian/apiguardian-api/1.1.2/apiguardian-api-1.1.2.jar:/Applications/project/maven-repertory/org/junit/jupiter/junit-jupiter-params/5.8.2/junit-jupiter-params-5.8.2.jar:/Applications/project/maven-repertory/org/junit/jupiter/junit-jupiter-engine/5.8.2/junit-jupiter-engine-5.8.2.jar:/Applications/project/maven-repertory/org/junit/platform/junit-platform-engine/1.8.2/junit-platform-engine-1.8.2.jar:/Applications/project/maven-repertory/org/mockito/mockito-core/4.5.1/mockito-core-4.5.1.jar:/Applications/project/maven-repertory/net/bytebuddy/byte-buddy/1.12.23/byte-buddy-1.12.23.jar:/Applications/project/maven-repertory/net/bytebuddy/byte-buddy-agent/1.12.23/byte-buddy-agent-1.12.23.jar:/Applications/project/maven-repertory/org/objenesis/objenesis/3.2/objenesis-3.2.jar:/Applications/project/maven-repertory/org/mockito/mockito-junit-jupiter/4.5.1/mockito-junit-jupiter-4.5.1.jar:/Applications/project/maven-repertory/org/skyscreamer/jsonassert/1.5.1/jsonassert-1.5.1.jar:/Applications/project/maven-repertory/com/vaadin/external/google/android-json/0.0.20131108.vaadin1/android-json-0.0.20131108.vaadin1.jar:/Applications/project/maven-repertory/org/springframework/spring-core/5.3.25/spring-core-5.3.25.jar:/Applications/project/maven-repertory/org/springframework/spring-jcl/5.3.25/spring-jcl-5.3.25.jar:/Applications/project/maven-repertory/org/springframework/spring-test/5.3.25/spring-test-5.3.25.jar:/Applications/project/maven-repertory/org/xmlunit/xmlunit-core/2.9.1/xmlunit-core-2.9.1.jar:/Applications/project/maven-repertory/com/alibaba/fastjson/1.2.79/fastjson-1.2.79.jar:/Applications/project/maven-repertory/org/springframework/boot/spring-boot-devtools/2.7.9/spring-boot-devtools-2.7.9.jar:/Applications/project/maven-repertory/org/springframework/boot/spring-boot/2.7.9/spring-boot-2.7.9.jar:/Applications/project/maven-repertory/org/springframework/boot/spring-boot-autoconfigure/2.7.9/spring-boot-autoconfigure-2.7.9.jar:/Applications/project/maven-repertory/log4j/log4j/1.2.17/log4j-1.2.17.jar:"/>
    <property name="sun.cpu.endian" value="little"/>
    <property name="user.home" value="/Users/lanruijiang"/>
    <property name="user.language" value="zh"/>
    <property name="java.specification.vendor" value="Oracle Corporation"/>
    <property name="java.version.date" value="2023-01-17"/>
    <property name="java.home" value="/Library/Java/JavaVirtualMachines/jdk-17.jdk/Contents/Home"/>
    <property name="file.separator" value="/"/>
    <property name="basedir" value="/Applications/project/code/i_code/project/thinking"/>
    <property name="java.vm.compressedOopsMode" value="Zero based"/>
    <property name="line.separator" value="&#10;"/>
    <property name="java.specification.name" value="Java Platform API Specification"/>
    <property name="java.vm.specification.vendor" value="Oracle Corporation"/>
    <property name="surefire.real.class.path" value="/Applications/project/code/i_code/project/thinking/target/surefire/surefirebooter16198232474066362682.jar"/>
    <property name="user.script" value="Hans"/>
    <property name="sun.management.compiler" value="HotSpot 64-Bit Tiered Compilers"/>
    <property name="ftp.nonProxyHosts" value="local|*.local|169.254/16|*.169.254/16"/>
    <property name="java.runtime.version" value="17.0.6+9-LTS-190"/>
    <property name="user.name" value="lanruijiang"/>
    <property name="path.separator" value=":"/>
    <property name="os.version" value="13.4"/>
    <property name="java.runtime.name" value="Java(TM) SE Runtime Environment"/>
    <property name="file.encoding" value="UTF-8"/>
    <property name="java.vm.name" value="Java HotSpot(TM) 64-Bit Server VM"/>
    <property name="localRepository" value="/Applications/project/maven-repertory"/>
    <property name="java.vendor.url.bug" value="https://bugreport.java.com/bugreport/"/>
    <property name="java.io.tmpdir" value="/var/folders/hm/swtzb2392q158f89sjckvb4w0000gn/T/"/>
    <property name="java.version" value="17.0.6"/>
    <property name="user.dir" value="/Applications/project/code/i_code/project/thinking"/>
    <property name="os.arch" value="x86_64"/>
    <property name="java.vm.specification.name" value="Java Virtual Machine Specification"/>
    <property name="native.encoding" value="UTF-8"/>
    <property name="java.library.path" value="/Users/lanruijiang/Library/Java/Extensions:/Library/Java/Extensions:/Network/Library/Java/Extensions:/System/Library/Java/Extensions:/usr/lib/java:."/>
    <property name="java.vm.info" value="mixed mode, sharing"/>
    <property name="java.vendor" value="Oracle Corporation"/>
    <property name="java.vm.version" value="17.0.6+9-LTS-190"/>
    <property name="sun.io.unicode.encoding" value="UnicodeBig"/>
    <property name="socksNonProxyHosts" value="local|*.local|169.254/16|*.169.254/16"/>
    <property name="java.class.version" value="61.0"/>
  </properties>
  <testcase name="contextLoads" classname="org.soft.base.SsmDemApplicationTests" time="0.356"/>
</testsuite>